<?xml version="1.0" encoding="UTF-8"?>
<!-- Generated by org.testng.reporters.JUnitXMLReporter -->
<testsuite ignored="0" hostname="LAPTOP-MMV6RIV0" failures="0" tests="2" name="Error Validation Test" time="0.135" errors="0" timestamp="2026-08-13T17:35:23 IST">
  <testcase classname="rahulshettyacademy.tests.ErrorValidation" name="ProductErrorValidation" time="0.001">
    <skipped/>
  </testcase> <!-- ProductErrorValidation -->
  <testcase classname="rahulshettyacademy.tests.ErrorValidation" name="submitOrder" time="0.0">
    <skipped/>
  </testcase> <!-- submitOrder -->
</testsuite> <!-- Error Validation Test -->
