<?xml version="1.0" encoding="UTF-8"?>
<!-- Generated by org.testng.reporters.JUnitReportReporter -->
<testsuite hostname="LAPTOP-MMV6RIV0" failures="0" tests="3" name="rahulshettyacademy.tests.SubmitOrderTest" time="49.686" errors="0" timestamp="2026-09-10T17:47:32 IST" skipped="0">
  <testcase classname="rahulshettyacademy.tests.SubmitOrderTest" name="submitOrder" time="16.344"/>
  <testcase classname="rahulshettyacademy.tests.SubmitOrderTest" name="submitOrder" time="27.591"/>
  <testcase classname="rahulshettyacademy.tests.SubmitOrderTest" name="orderHistory" time="5.751"/>
</testsuite> <!-- rahulshettyacademy.tests.SubmitOrderTest -->
