<?xml version="1.0" encoding="UTF-8"?>
<!-- Generated by org.testng.reporters.JUnitReportReporter -->
<testsuite hostname="LAPTOP-MMV6RIV0" failures="0" tests="1" name="rahulshettyacademy.SeleniumFrameworkDesign.ErrorValidation" time="7.202" errors="0" timestamp="2026-08-03T17:55:18 IST" skipped="0">
  <testcase classname="rahulshettyacademy.SeleniumFrameworkDesign.ErrorValidation" name="submitOrder" time="7.202"/>
</testsuite> <!-- rahulshettyacademy.SeleniumFrameworkDesign.ErrorValidation -->
